d:\vs2019file\c++_lesson1\debug\vc142.pdb
d:\vs2019file\c++_lesson1\debug\vc142.idb
d:\vs2019file\c++_lesson1\debug\继承.obj
d:\vs2019file\c++_lesson1\debug\多态.obj
d:\vs2019file\c++_lesson1\debug\哈希.obj
d:\vs2019file\c++_lesson1\debug\二叉搜索树.obj
d:\vs2019file\c++_lesson1\debug\map和set.obj
d:\vs2019file\c++_lesson1\debug\io进阶.obj
d:\vs2019file\c++_lesson1\debug\c++11.obj
d:\vs2019file\c++_lesson1\debug\929.obj
d:\vs2019file\c++_lesson1\debug\main.obj
d:\vs2019file\c++_lesson1\debug\testc.obj
d:\vs2019file\c++_lesson1\debug\c++_lesson1.exe
d:\vs2019file\c++_lesson1\debug\c++_lesson1.ilk
d:\vs2019file\c++_lesson1\debug\c++_lesson1.pdb
d:\vs2019file\c++_lesson1\debug\c++_lesson1.tlog\cl.command.1.tlog
d:\vs2019file\c++_lesson1\debug\c++_lesson1.tlog\cl.read.1.tlog
d:\vs2019file\c++_lesson1\debug\c++_lesson1.tlog\cl.write.1.tlog
d:\vs2019file\c++_lesson1\debug\c++_lesson1.tlog\link.command.1.tlog
d:\vs2019file\c++_lesson1\debug\c++_lesson1.tlog\link.read.1.tlog
d:\vs2019file\c++_lesson1\debug\c++_lesson1.tlog\link.write.1.tlog
